<?xml version="1.0" encoding="UTF-8"?>
<testng-results ignored="0" total="1" passed="1" failed="0" skipped="0">
  <reporter-output>
  </reporter-output>
  <suite started-at="2022-03-23T13:07:18 IST" name="Default suite" finished-at="2022-03-23T13:07:48 IST" duration-ms="30072">
    <groups>
    </groups>
    <test started-at="2022-03-23T13:07:18 IST" name="Default test" finished-at="2022-03-23T13:07:48 IST" duration-ms="30072">
      <class name="passingDataInCommantLine.LoginVtiger">
        <test-method signature="login()[pri:0, instance:passingDataInCommantLine.LoginVtiger@2accdbb5]" started-at="2022-03-23T13:07:18 IST" name="login" finished-at="2022-03-23T13:07:48 IST" duration-ms="29998" status="PASS">
          <reporter-output>
          </reporter-output>
        </test-method> <!-- login -->
      </class> <!-- passingDataInCommantLine.LoginVtiger -->
    </test> <!-- Default test -->
  </suite> <!-- Default suite -->
</testng-results>
